#
# There is insufficient memory for the Java Runtime Environment to continue.
# Native memory allocation (mmap) failed to map 257949696 bytes for G1 virtual space
# Possible reasons:
#   The system is out of physical RAM or swap space
#   The process is running with CompressedOops enabled, and the Java Heap may be blocking the growth of the native heap
# Possible solutions:
#   Reduce memory load on the system
#   Increase physical memory or swap space
#   Check if swap backing store is full
#   Decrease Java heap size (-Xmx/-Xms)
#   Decrease number of Java threads
#   Decrease Java thread stack sizes (-Xss)
#   Set larger code cache with -XX:ReservedCodeCacheSize=
#   JVM is running with Zero Based Compressed Oops mode in which the Java heap is
#     placed in the first 32GB address space. The Java Heap base address is the
#     maximum limit for the native heap growth. Please use -XX:HeapBaseMinAddress
#     to set the Java Heap base and to place the Java Heap above 32GB virtual address.
# This output file may be truncated or incomplete.
#
#  Out of Memory Error (os_windows.cpp:3469), pid=19244, tid=19788
#
# JRE version:  (17.0.1+12) (build )
# Java VM: Java HotSpot(TM) 64-Bit Server VM (17.0.1+12-LTS-39, mixed mode, sharing, tiered, compressed oops, compressed class ptrs, g1 gc, windows-amd64)
# No core dump will be written. Minidumps are not enabled by default on client versions of Windows
#

---------------  S U M M A R Y ------------

Command Line: -Dfile.encoding=UTF-8 -Dstdout.encoding=UTF-8 -Dstderr.encoding=UTF-8 -XX:+ShowCodeDetailsInExceptionMessages ss.Java_Mvn_1

Host: AMD Ryzen 7 5700U with Radeon Graphics         , 16 cores, 15G,  Windows 10 , 64 bit Build 26100 (10.0.26100.7705)
Time: Thu Feb 26 15:26:47 2026 India Standard Time elapsed time: 1.179678 seconds (0d 0h 0m 1s)

---------------  T H R E A D  ---------------

Current thread (0x00000146780b9da0):  JavaThread "Unknown thread" [_thread_in_vm, id=19788, stack(0x00000039e9400000,0x00000039e9500000)]

Stack: [0x00000039e9400000,0x00000039e9500000]
Native frames: (J=compiled Java code, j=interpreted, Vv=VM code, C=native code)
V  [jvm.dll+0x66fa1a]
V  [jvm.dll+0x7ce5a4]
V  [jvm.dll+0x7cfd4e]
V  [jvm.dll+0x7d03b3]
V  [jvm.dll+0x242b05]
V  [jvm.dll+0x66ca39]
V  [jvm.dll+0x661502]
V  [jvm.dll+0x30081b]
V  [jvm.dll+0x307da6]
V  [jvm.dll+0x357a1e]
V  [jvm.dll+0x357c4f]
V  [jvm.dll+0x2d7ad8]
V  [jvm.dll+0x2d8a44]
V  [jvm.dll+0x7a01e1]
V  [jvm.dll+0x365791]
V  [jvm.dll+0x77f6cc]
V  [jvm.dll+0x3e812f]
V  [jvm.dll+0x3e9bd1]
C  [jli.dll+0x527b]
C  [ucrtbase.dll+0x37b0]
C  [KERNEL32.DLL+0x2e8d7]
C  [ntdll.dll+0x8c40c]


---------------  P R O C E S S  ---------------

Threads class SMR info:
_java_thread_list=0x00007ff9e2bc7818, length=0, elements={
}

Java Threads: ( => current thread )

Other Threads:
  0x000001467810aa70 GCTaskThread "GC Thread#0" [stack: 0x00000039e9500000,0x00000039e9600000] [id=20428]
  0x0000014678138580 ConcurrentGCThread "G1 Main Marker" [stack: 0x00000039e9600000,0x00000039e9700000] [id=4324]
  0x0000014678139ea0 ConcurrentGCThread "G1 Conc#0" [stack: 0x00000039e9700000,0x00000039e9800000] [id=14960]

[error occurred during error reporting (printing all threads), id 0xc0000005, EXCEPTION_ACCESS_VIOLATION (0xc0000005) at pc=0x00007ff9e24184b7]

VM state: not at safepoint (not fully initialized)

VM Mutex/Monitor currently owned by a thread:  ([mutex/lock_event])
[0x00000146780ab550] Heap_lock - owner thread: 0x00000146780b9da0

Heap address: 0x000000070a200000, size: 3934 MB, Compressed Oops mode: Zero based, Oop shift amount: 3

CDS archive(s) mapped at: [0x0000000000000000-0x0000000000000000-0x0000000000000000), size 0, SharedBaseAddress: 0x0000000800000000, ArchiveRelocationMode: 0.
Narrow klass base: 0x0000000000000000, Narrow klass shift: 0, Narrow klass range: 0x0

GC Precious Log:
<Empty>

Heap:
 garbage-first heap   total 0K, used 0K [0x000000070a200000, 0x0000000800000000)
  region size 2048K, 0 young (0K), 0 survivors (0K)

[error occurred during error reporting (printing heap information), id 0xc0000005, EXCEPTION_ACCESS_VIOLATION (0xc0000005) at pc=0x00007ff9e27f8d89]

GC Heap History (0 events):
No events

Deoptimization events (0 events):
No events

Classes unloaded (0 events):
No events

Classes redefined (0 events):
No events

Internal exceptions (0 events):
No events

VM Operations (0 events):
No events

Events (1 events):
Event: 0.019 Loaded shared library C:\Program Files\Java\jdk-17.0.1\bin\java.dll


Dynamic libraries:
0x00007ff661d60000 - 0x00007ff661d70000 	C:\Program Files\Java\jdk-17.0.1\bin\javaw.exe
0x00007ffa87f00000 - 0x00007ffa88168000 	C:\WINDOWS\SYSTEM32\ntdll.dll
0x00007ffa85d60000 - 0x00007ffa85e29000 	C:\WINDOWS\System32\KERNEL32.DLL
0x00007ffa853d0000 - 0x00007ffa857c1000 	C:\WINDOWS\System32\KERNELBASE.dll
0x00007ffa85aa0000 - 0x00007ffa85beb000 	C:\WINDOWS\System32\ucrtbase.dll
0x00007ffa79650000 - 0x00007ffa7966a000 	C:\Program Files\Java\jdk-17.0.1\bin\VCRUNTIME140.dll
0x00007ffa79cb0000 - 0x00007ffa79cc8000 	C:\Program Files\Java\jdk-17.0.1\bin\jli.dll
0x00007ffa86860000 - 0x00007ffa86914000 	C:\WINDOWS\System32\ADVAPI32.dll
0x00007ffa85cb0000 - 0x00007ffa85d59000 	C:\WINDOWS\System32\msvcrt.dll
0x00007ffa86240000 - 0x00007ffa862e6000 	C:\WINDOWS\System32\sechost.dll
0x00007ffa86920000 - 0x00007ffa86a38000 	C:\WINDOWS\System32\RPCRT4.dll
0x00007ffa85fe0000 - 0x00007ffa861a6000 	C:\WINDOWS\System32\USER32.dll
0x00007ffa75ee0000 - 0x00007ffa76173000 	C:\WINDOWS\WinSxS\amd64_microsoft.windows.common-controls_6595b64144ccf1df_6.0.26100.7824_none_3e0870b2e3345462\COMCTL32.dll
0x00007ffa84890000 - 0x00007ffa848b7000 	C:\WINDOWS\System32\win32u.dll
0x00007ffa87a00000 - 0x00007ffa87a2b000 	C:\WINDOWS\System32\GDI32.dll
0x00007ffa852a0000 - 0x00007ffa853cb000 	C:\WINDOWS\System32\gdi32full.dll
0x00007ffa85bf0000 - 0x00007ffa85c93000 	C:\WINDOWS\System32\msvcp_win.dll
0x00007ffa7dbd0000 - 0x00007ffa7dbdb000 	C:\WINDOWS\SYSTEM32\VERSION.dll
0x00007ffa86200000 - 0x00007ffa86231000 	C:\WINDOWS\System32\IMM32.DLL
0x00007ffa81780000 - 0x00007ffa8178c000 	C:\Program Files\Java\jdk-17.0.1\bin\vcruntime140_1.dll
0x00007ffa26e30000 - 0x00007ffa26ebd000 	C:\Program Files\Java\jdk-17.0.1\bin\msvcp140.dll
0x00007ff9e2130000 - 0x00007ff9e2cee000 	C:\Program Files\Java\jdk-17.0.1\bin\server\jvm.dll
0x00007ffa85fd0000 - 0x00007ffa85fd8000 	C:\WINDOWS\System32\PSAPI.DLL
0x00007ffa685f0000 - 0x00007ffa685fa000 	C:\WINDOWS\SYSTEM32\WSOCK32.dll
0x00007ffa81b60000 - 0x00007ffa81b95000 	C:\WINDOWS\SYSTEM32\WINMM.dll
0x00007ffa86620000 - 0x00007ffa86694000 	C:\WINDOWS\System32\WS2_32.dll
0x00007ffa83580000 - 0x00007ffa8359b000 	C:\WINDOWS\SYSTEM32\kernel.appcore.dll
0x00007ffa79bb0000 - 0x00007ffa79bba000 	C:\Program Files\Java\jdk-17.0.1\bin\jimage.dll
0x00007ffa826c0000 - 0x00007ffa82902000 	C:\WINDOWS\SYSTEM32\DBGHELP.DLL
0x00007ffa86a40000 - 0x00007ffa86dc6000 	C:\WINDOWS\System32\combase.dll
0x00007ffa866d0000 - 0x00007ffa867a7000 	C:\WINDOWS\System32\OLEAUT32.dll
0x00007ffa81b20000 - 0x00007ffa81b5b000 	C:\WINDOWS\SYSTEM32\dbgcore.DLL
0x00007ffa847e0000 - 0x00007ffa84885000 	C:\WINDOWS\System32\bcryptPrimitives.dll
0x00007ffa5a1a0000 - 0x00007ffa5a1c5000 	C:\Program Files\Java\jdk-17.0.1\bin\java.dll

dbghelp: loaded successfully - version: 4.0.5 - missing functions: none
symbol engine: initialized successfully - sym options: 0x614 - pdb path: .;C:\Program Files\Java\jdk-17.0.1\bin;C:\WINDOWS\SYSTEM32;C:\WINDOWS\WinSxS\amd64_microsoft.windows.common-controls_6595b64144ccf1df_6.0.26100.7824_none_3e0870b2e3345462;C:\Program Files\Java\jdk-17.0.1\bin\server

VM Arguments:
jvm_args: -Dfile.encoding=UTF-8 -Dstdout.encoding=UTF-8 -Dstderr.encoding=UTF-8 -XX:+ShowCodeDetailsInExceptionMessages 
java_command: ss.Java_Mvn_1
java_class_path (initial): C:\Users\KIIT\Selenium_Mvn\target\classes;C:\Users\KIIT\.m2\repository\org\seleniumhq\selenium\selenium-java\4.40.0\selenium-java-4.40.0.jar;C:\Users\KIIT\.m2\repository\org\seleniumhq\selenium\selenium-api\4.40.0\selenium-api-4.40.0.jar;C:\Users\KIIT\.m2\repository\org\jspecify\jspecify\1.0.0\jspecify-1.0.0.jar;C:\Users\KIIT\.m2\repository\org\seleniumhq\selenium\selenium-chrome-driver\4.40.0\selenium-chrome-driver-4.40.0.jar;C:\Users\KIIT\.m2\repository\com\google\auto\service\auto-service-annotations\1.1.1\auto-service-annotations-1.1.1.jar;C:\Users\KIIT\.m2\repository\org\seleniumhq\selenium\selenium-chromium-driver\4.40.0\selenium-chromium-driver-4.40.0.jar;C:\Users\KIIT\.m2\repository\org\seleniumhq\selenium\selenium-json\4.40.0\selenium-json-4.40.0.jar;C:\Users\KIIT\.m2\repository\org\seleniumhq\selenium\selenium-manager\4.40.0\selenium-manager-4.40.0.jar;C:\Users\KIIT\.m2\repository\org\seleniumhq\selenium\selenium-devtools-v142\4.40.0\selenium-devtools-v142-4.40.0.jar;C:\Users\KIIT\.m2\repository\org\seleniumhq\selenium\selenium-devtools-v143\4.40.0\selenium-devtools-v143-4.40.0.jar;C:\Users\KIIT\.m2\repository\org\seleniumhq\selenium\selenium-devtools-v144\4.40.0\selenium-devtools-v144-4.40.0.jar;C:\Users\KIIT\.m2\repository\org\seleniumhq\selenium\selenium-edge-driver\4.40.0\selenium-edge-driver-4.40.0.jar;C:\Users\KIIT\.m2\repository\org\seleniumhq\selenium\selenium-firefox-driver\4.40.0\selenium-firefox-driver-4.40.0.jar;C:\Users\KIIT\.m2\repository\org\seleniumhq\selenium\selenium-http\4.40.0\selenium-http-4.40.0.jar;C:\Users\KIIT\.m2\repository\org\seleniumhq\selenium\selenium-ie-driver\4.40.0\selenium-ie-driver-4.40.0.jar;C:\Users\KIIT\.m2\repository\org\seleniumhq\selenium\selenium-remote-driver\4.40.0\selenium-remote-driver-4.40.0.jar;C:\Users\KIIT\.m2\repository\com\google\guava\guava\33.5.0-jre\guava-33.5.0-jre.jar;C:\Users\KIIT\.m2\repository\com\google\guava\failureaccess\1.0.3\failureaccess-1.0.3.jar;C:\Users\KIIT\
Launcher Type: SUN_STANDARD

[Global flags]
     intx CICompilerCount                          = 12                                        {product} {ergonomic}
     uint ConcGCThreads                            = 3                                         {product} {ergonomic}
     uint G1ConcRefinementThreads                  = 13                                        {product} {ergonomic}
   size_t G1HeapRegionSize                         = 2097152                                   {product} {ergonomic}
    uintx GCDrainStackTargetSize                   = 64                                        {product} {ergonomic}
   size_t InitialHeapSize                          = 257949696                                 {product} {ergonomic}
   size_t MarkStackSize                            = 4194304                                   {product} {ergonomic}
   size_t MaxHeapSize                              = 4125097984                                {product} {ergonomic}
   size_t MinHeapDeltaBytes                        = 2097152                                   {product} {ergonomic}
   size_t MinHeapSize                              = 8388608                                   {product} {ergonomic}
    uintx NonNMethodCodeHeapSize                   = 7602480                                {pd product} {ergonomic}
    uintx NonProfiledCodeHeapSize                  = 122027880                              {pd product} {ergonomic}
    uintx ProfiledCodeHeapSize                     = 122027880                              {pd product} {ergonomic}
    uintx ReservedCodeCacheSize                    = 251658240                              {pd product} {ergonomic}
     bool SegmentedCodeCache                       = true                                      {product} {ergonomic}
     bool ShowCodeDetailsInExceptionMessages       = true                                   {manageable} {command line}
   size_t SoftMaxHeapSize                          = 4125097984                             {manageable} {ergonomic}
     bool UseCompressedClassPointers               = true                           {product lp64_product} {ergonomic}
     bool UseCompressedOops                        = true                           {product lp64_product} {ergonomic}
     bool UseG1GC                                  = true                                      {product} {ergonomic}
     bool UseLargePagesIndividualAllocation        = false                                  {pd product} {ergonomic}

Logging:
Log output configuration:
 #0: stdout all=warning uptime,level,tags
 #1: stderr all=off uptime,level,tags

Environment Variables:
PATH=C:/Users/KIIT/.p2/pool/plugins/org.eclipse.justj.openjdk.hotspot.jre.full.win32.x86_64_21.0.9.v20251105-0741/jre/bin/server;C:/Users/KIIT/.p2/pool/plugins/org.eclipse.justj.openjdk.hotspot.jre.full.win32.x86_64_21.0.9.v20251105-0741/jre/bin;C:\Program Files\Python312\Scripts\;C:\Program Files\Python312\;C:\Program Files (x86)\VMware\VMware Player\bin\;C:\oraclexe\app\oracle\product\11.2.0\server\bin;C:\Program Files\Common Files\Oracle\Java\javapath;C:\WINDOWS\system32;C:\WINDOWS;C:\WINDOWS\System32\Wbem;C:\WINDOWS\System32\WindowsPowerShell\v1.0\;C:\WINDOWS\System32\OpenSSH\;C:\Program Files\dotnet\;C:\Program Files\Java\jdk-19\bin;C:\Program Files\Cloudflare\Cloudflare WARP\;C:\Program Files (x86)\Microsoft SQL Server\160\DTS\Binn\;C:\Program Files\Azure Data Studio\bin;C:\ProgramData\chocolatey\bin;C:\Program Files\nodejs\;C:\Program Files\Git\cmd;C:\Users\KIIT\AppData\Local\Microsoft\WindowsApps;C:\Users\KIIT\AppData\Local\Programs\Microsoft VS Code\bin;C:\Program Files (x86)\mingw-w64\i686-8.1.0-posix-dwarf-rt_v6-rev0\mingw32\bin;C:\Users\KIIT\AppData\Local\Microsoft\WindowsApps;C:\Program Files\JetBrains\IntelliJ IDEA Community Edition 2022.3.2\bin;;C:\Users\KIIT\AppData\Local\GitHubDesktop\bin;C:\Program Files\Azure Data Studio\bin;C:\Program Files\JetBrains\PyCharm Community Edition 2024.3\bin;;C:\Program Files\Python312;C:\Program Files\Python312\Scripts;C:\Program Files\JetBrains\WebStorm 2024.3.1\bin;;C:\Users\KIIT\AppData\Roaming\npm;;C:\WINDOWS\system32;
USERNAME=KIIT
OS=Windows_NT
PROCESSOR_IDENTIFIER=AMD64 Family 23 Model 104 Stepping 1, AuthenticAMD



---------------  S Y S T E M  ---------------

OS:
 Windows 10 , 64 bit Build 26100 (10.0.26100.7705)
OS uptime: 1 days 6:03 hours
Hyper-V role detected

CPU: total 16 (initial active 16) (16 cores per cpu, 2 threads per core) family 23 model 104 stepping 1 microcode 0x8608103, cx8, cmov, fxsr, ht, mmx, 3dnowpref, sse, sse2, sse3, ssse3, sse4a, sse4.1, sse4.2, popcnt, lzcnt, tsc, tscinvbit, avx, avx2, aes, clmul, bmi1, bmi2, adx, sha, fma, vzeroupper, clflush, clflushopt, hv

Memory: 4k page, system-wide physical 15734M (6902M free)
TotalPageFile size 15734M (AvailPageFile size 193M)
current process WorkingSet (physical memory assigned to process): 12M, peak: 12M
current process commit charge ("private bytes"): 70M, peak: 316M

vm_info: Java HotSpot(TM) 64-Bit Server VM (17.0.1+12-LTS-39) for windows-amd64 JRE (17.0.1+12-LTS-39), built on Sep 27 2021 18:41:35 by "mach5one" with MS VC++ 16.8 (VS2019)

END.
